2025-08-23 20:48:22.342 [INFO] === Início do login_once ===
2025-08-23 20:48:22.343 [INFO] Perfil origem: C:\Users\mario\AppData\Local\Google\Chrome\User Data -> Default
2025-08-23 20:48:22.343 [INFO] Perfil automação (destino): C:\Users\mario\AppData\Local\ChromeAutomation\User Data -> Default
2025-08-23 20:48:22.343 [INFO] Fechando processos do Chrome para liberar arquivos...
2025-08-23 20:48:23.004 [INFO] [COPY] Local State -> OK
2025-08-23 20:48:23.006 [INFO] [COPY] Preferences -> OK
2025-08-23 20:48:23.008 [INFO] [COPY] Secure Preferences -> OK
2025-08-23 20:48:23.016 [INFO] [COPY] Login Data -> OK
2025-08-23 20:48:23.018 [INFO] [COPY] Login Data For Account -> OK
2025-08-23 20:48:23.030 [INFO] [COPY] Web Data -> OK
2025-08-23 20:48:23.141 [INFO] [COPY] History -> OK
2025-08-23 20:48:26.867 [INFO] [COPY] Extensions/ -> OK
2025-08-23 20:48:26.867 [INFO] Cópia essencial concluída.
2025-08-23 20:48:26.867 [INFO] Abrindo Chrome com perfil de automação (não-padrão), extensões (se copiadas) e sem flags problemáticas...
2025-08-23 20:48:26.867 [DEBUG] Using proactor: IocpProactor
2025-08-23 20:48:31.091 [INFO] [PAGE] Reutilizando aba existente: about:blank
2025-08-23 20:48:31.116 [INFO] [NAV 1/3] Abrindo página inicial do PJe: https://pje.tjdft.jus.br/pje/
2025-08-23 20:48:31.428 [INFO] [HTTP 200] https://pje.tjdft.jus.br/pje/
2025-08-23 20:48:31.448 [INFO] [NAV] OK
2025-08-23 20:48:31.449 [INFO] [NAV 1/3] Tentando acessar painel (o PJe redireciona para login se necessário): https://pje.tjdft.jus.br/pje/ng2/dev.seam#/painel-usuario-interno
2025-08-23 20:48:31.523 [INFO] [HTTP 302] https://pje.tjdft.jus.br/pje/ng2/dev.seam
2025-08-23 20:48:31.584 [INFO] [HTTP 302] https://pje.tjdft.jus.br/pje/login.seam?cid=80527
2025-08-23 20:48:31.789 [INFO] [HTTP 200] https://sso.cloud.pje.jus.br/auth/realms/pje/protocol/openid-connect/auth?response_type=code&client_id=pje-tjdft-1g&redirect_uri=https%3A%2F%2Fpje.tjdft.jus.br%2Fpje%2Flogin.seam?cid%3D80527&state=47a148f4-8560-46ba-95c6-f306f2fabd55&login=true&scope=openid
2025-08-23 20:48:32.021 [INFO] [HTTP 200] https://pje.tjdft.jus.br/pje/img/brasaoRep.png
2025-08-23 20:48:32.043 [INFO] [NAV] OK
2025-08-23 20:48:32.044 [INFO] Aguardando conclusão do login no PJe...
2025-08-23 20:48:32.044 [INFO] URL atual: https://sso.cloud.pje.jus.br/auth/realms/pje/protocol/openid-connect/auth?response_type=code&client_id=pje-tjdft-1g&redirect_uri=https%3A%2F%2Fpje.tjdft.jus.br%2Fpje%2Flogin.seam?cid%3D80527&state=47a148f4-8560-46ba-95c6-f306f2fabd55&login=true&scope=openid#/painel-usuario-interno
